<?xml version="1.0" encoding="UTF-8"?>
<!-- Generated by org.testng.reporters.JUnitXMLReporter -->
<testsuite hostname="DESKTOP-I9EH401" ignored="0" name="Test" tests="1" failures="0" timestamp="25 Nov 2021 07:07:20 GMT" time="0.186" errors="0">
  <testcase name="@BeforeTest setup" time="0.0" classname="crosBrowserTesting.crossBrowserTest">
    <failure type="org.testng.TestNGException" message="
Parameter &amp;apos;browser&amp;apos; is required by BeforeTest on method setup but has not been marked @Optional or defined
in E:\selenium_softwares\Learning_selenium\testng_crossBrowser.xml">
      <![CDATA[org.testng.TestNGException: 
Parameter 'browser' is required by BeforeTest on method setup but has not been marked @Optional or defined
in E:\selenium_softwares\Learning_selenium\testng_crossBrowser.xml
... Removed 21 stack frames]]>
    </failure>
  </testcase> <!-- @BeforeTest setup -->
  <testcase name="testParameterWithXML" time="0.0" classname="crosBrowserTesting.crossBrowserTest">
    <skipped/>
  </testcase> <!-- testParameterWithXML -->
</testsuite> <!-- Test -->
